<?xml version="1.0" encoding="UTF-8"?>
<!-- Generated by org.testng.reporters.JUnitReportReporter -->
<testsuite hostname="DESKTOP-QKHE2PN" failures="0" tests="1" name="testcases.InputForm_TestClass" time="4.694" errors="0" timestamp="2024-11-12T20:33:50 IST" skipped="0">
  <testcase classname="testcases.InputForm_TestClass" name="verifysingleinputtext" time="4.694"/>
</testsuite> <!-- testcases.InputForm_TestClass -->
