<?xml version="1.0" encoding="UTF-8"?>
<!-- Generated by org.testng.reporters.JUnitReportReporter -->
<testsuite hostname="DESKTOP-QKHE2PN" failures="0" tests="1" name="testcases.HomeTest1" time="6.309" errors="0" timestamp="2024-11-11T08:18:33 IST" skipped="0">
  <testcase classname="testcases.HomeTest1" name="verify" time="6.309"/>
</testsuite> <!-- testcases.HomeTest1 -->
