<?xml version="1.0" encoding="UTF-8"?>
<!-- Generated by org.testng.reporters.JUnitReportReporter -->
<testsuite hostname="DESKTOP-QKHE2PN" failures="0" tests="1" name="testcases.Table_TestClass" time="8.687" errors="0" timestamp="2024-11-15T08:20:14 IST" skipped="0">
  <testcase classname="testcases.Table_TestClass" name="verifyAgeofPerson" time="8.687"/>
</testsuite> <!-- testcases.Table_TestClass -->
