<?xml version="1.0" encoding="UTF-8"?>
<!-- Generated by org.testng.reporters.JUnitReportReporter -->
<testsuite hostname="DESKTOP-QKHE2PN" failures="0" tests="1" name="testcases.DatePickerTestClass" time="5.663" errors="0" timestamp="2024-11-13T22:33:23 IST" skipped="0">
  <testcase classname="testcases.DatePickerTestClass" name="verifySubmitBtnColour" time="5.663"/>
</testsuite> <!-- testcases.DatePickerTestClass -->
