<?xml version="1.0" encoding="UTF-8"?>
<!-- Generated by org.testng.reporters.JUnitReportReporter -->
<testsuite hostname="DESKTOP-QKHE2PN" failures="0" tests="1" name="testcases.Date_Picker_Testclass" time="8.397" errors="0" timestamp="2024-11-15T07:11:24 IST" skipped="0">
  <testcase classname="testcases.Date_Picker_Testclass" name="verifyDate" time="8.397"/>
</testsuite> <!-- testcases.Date_Picker_Testclass -->
